<?xml version="1.0" encoding="UTF-8"?>
<!-- Generated by org.testng.reporters.JUnitReportReporter -->
<testsuite hostname="SS" failures="0" tests="1" name="com.testcases.Homepage_Test" time="0.603" errors="0" timestamp="2023-08-26T20:51:35 IST" skipped="0">
  <testcase classname="com.testcases.Homepage_Test" name="to_Validate_Homepage" time="0.603"/>
  <system-out/>
</testsuite> <!-- com.testcases.Homepage_Test -->
