<?xml version="1.0" encoding="UTF-8"?>
<!-- Generated by org.testng.reporters.JUnitReportReporter -->
<testsuite hostname="SS" failures="0" tests="1" name="com.testcases.Login_Test" time="0.031" errors="0" timestamp="2023-08-26T20:51:35 IST" skipped="0">
  <testcase classname="com.testcases.Login_Test" name="to_Validate_Login" time="0.031"/>
  <system-out/>
</testsuite> <!-- com.testcases.Login_Test -->
