<?xml version="1.0" encoding="UTF-8"?>
<!-- Generated by org.testng.reporters.JUnitReportReporter -->
<testsuite hostname="SS" failures="0" tests="3" name="com.testcases.User_Interface" time="3.693" errors="0" timestamp="2024-07-03T09:48:57 IST" skipped="0">
  <testcase classname="com.testcases.User_Interface" name="to_Validate_User_Interface" time="1.237"/>
  <system-out/>
  <testcase classname="com.testcases.User_Interface" name="to_Validate_Login" time="1.126"/>
  <system-out/>
  <testcase classname="com.testcases.User_Interface" name="to_Validate_Logout" time="1.330"/>
  <system-out/>
</testsuite> <!-- com.testcases.User_Interface -->
