<?xml version="1.0" encoding="UTF-8"?>
<!-- Generated by org.testng.reporters.JUnitReportReporter -->
<testsuite hostname="SS" failures="0" tests="3" name="com.testcases.Admin_Interface" time="1.708" errors="0" timestamp="2023-09-23T12:05:27 IST" skipped="0">
  <testcase classname="com.testcases.Admin_Interface" name="to_Validate_Admin_Interface" time="0.015"/>
  <system-out/>
  <testcase classname="com.testcases.Admin_Interface" name="to_Validate_Admin_Interface_UserDetails" time="1.081"/>
  <system-out/>
  <testcase classname="com.testcases.Admin_Interface" name="to_Validate_Admin_Interface_SalesDetails" time="0.612"/>
  <system-out/>
</testsuite> <!-- com.testcases.Admin_Interface -->
