<?xml version="1.0" encoding="UTF-8"?>
<!-- Generated by org.testng.reporters.JUnitReportReporter -->
<testsuite hostname="SS" failures="0" tests="1" name="com.testcases.Logout_Test" time="0.579" errors="0" timestamp="2023-08-26T20:51:35 IST" skipped="0">
  <testcase classname="com.testcases.Logout_Test" name="to_Validate_LogoutPage" time="0.579"/>
  <system-out/>
</testsuite> <!-- com.testcases.Logout_Test -->
