<?xml version="1.0" encoding="UTF-8"?>
<!-- Generated by org.testng.reporters.JUnitReportReporter -->
<testsuite hostname="SS" failures="0" tests="3" name="com.testcases.Reports" time="2.349" errors="0" timestamp="2023-09-23T12:05:27 IST" skipped="0">
  <testcase classname="com.testcases.Reports" name="to_Validate_Reports" time="0.566"/>
  <system-out/>
  <testcase classname="com.testcases.Reports" name="to_Validate_User_Reports" time="0.799"/>
  <system-out/>
  <testcase classname="com.testcases.Reports" name="to_Validate_Sales_Reports" time="0.984"/>
  <system-out/>
</testsuite> <!-- com.testcases.Reports -->
