<?xml version="1.0" encoding="UTF-8"?>
<!-- Generated by org.testng.reporters.JUnitReportReporter -->
<testsuite hostname="SS" failures="0" tests="3" name="com.testcases.User_Interface" time="2.859" errors="0" timestamp="2023-09-23T12:05:27 IST" skipped="0">
  <testcase classname="com.testcases.User_Interface" name="to_Validate_User_Interface" time="0.936"/>
  <system-out/>
  <testcase classname="com.testcases.User_Interface" name="to_Validate_Login" time="0.959"/>
  <system-out/>
  <testcase classname="com.testcases.User_Interface" name="to_Validate_Logout" time="0.964"/>
  <system-out/>
</testsuite> <!-- com.testcases.User_Interface -->
