<?xml version="1.0" encoding="UTF-8"?>
<!-- Generated by org.testng.reporters.JUnitReportReporter -->
<testsuite hostname="SS" failures="0" tests="2" name="com.testcases.Dashboard" time="0.549" errors="0" timestamp="2023-09-23T12:05:27 IST" skipped="0">
  <testcase classname="com.testcases.Dashboard" name="to_Validate_Dashboard" time="0.016"/>
  <system-out/>
  <testcase classname="com.testcases.Dashboard" name="to_Validate_Dashboard_UserCount" time="0.533"/>
  <system-out/>
</testsuite> <!-- com.testcases.Dashboard -->
