<?xml version="1.0" encoding="UTF-8"?>
<!-- Generated by org.testng.reporters.JUnitReportReporter -->
<testsuite hostname="SS" failures="0" tests="3" name="com.testcases.User_Interface" time="3.478" errors="0" timestamp="2024-07-03T10:14:47 IST" skipped="0">
  <testcase classname="com.testcases.User_Interface" name="to_Validate_User_Interface" time="1.035"/>
  <system-out/>
  <testcase classname="com.testcases.User_Interface" name="to_Validate_Login" time="1.062"/>
  <system-out/>
  <testcase classname="com.testcases.User_Interface" name="to_Validate_Logout" time="1.381"/>
  <system-out/>
</testsuite> <!-- com.testcases.User_Interface -->
