<?xml version="1.0" encoding="UTF-8"?>
<!-- Generated by org.testng.reporters.JUnitReportReporter -->
<testsuite hostname="SS" failures="0" tests="2" name="com.testcases.Dashboard" time="2.729" errors="0" timestamp="2024-07-03T10:14:47 IST" skipped="0">
  <testcase classname="com.testcases.Dashboard" name="to_Validate_Dashboard_UserCount" time="1.546"/>
  <system-out/>
  <testcase classname="com.testcases.Dashboard" name="to_Validate_Dashboard" time="1.183"/>
  <system-out/>
</testsuite> <!-- com.testcases.Dashboard -->
