<?xml version="1.0" encoding="UTF-8"?>
<!-- Generated by org.testng.reporters.JUnitReportReporter -->
<testsuite hostname="SS" failures="0" tests="3" name="com.testcases.Reports" time="3.575" errors="0" timestamp="2024-07-03T10:14:47 IST" skipped="0">
  <testcase classname="com.testcases.Reports" name="to_Validate_Reports" time="0.502"/>
  <system-out/>
  <testcase classname="com.testcases.Reports" name="to_Validate_User_Reports" time="1.769"/>
  <system-out/>
  <testcase classname="com.testcases.Reports" name="to_Validate_Sales_Reports" time="1.304"/>
  <system-out/>
</testsuite> <!-- com.testcases.Reports -->
